<?xml version="1.0" encoding="UTF-8"?>
<coverage generated="1748357151985" clover="3.2.0">
  <project timestamp="1748357151985" name="All files">
    <metrics statements="6" coveredstatements="6" conditionals="0" coveredconditionals="0" methods="4" coveredmethods="4" elements="10" coveredelements="10" complexity="0" loc="6" ncloc="6" packages="1" files="2" classes="2"/>
    <file name="calculator.js" path="D:\jest\src\calculator.js">
      <metrics statements="3" coveredstatements="3" conditionals="0" coveredconditionals="0" methods="2" coveredmethods="2"/>
      <line num="3" count="3" type="stmt"/>
      <line num="8" count="3" type="stmt"/>
      <line num="10" count="1" type="stmt"/>
    </file>
    <file name="math.js" path="D:\jest\src\math.js">
      <metrics statements="3" coveredstatements="3" conditionals="0" coveredconditionals="0" methods="2" coveredmethods="2"/>
      <line num="3" count="1" type="stmt"/>
      <line num="7" count="1" type="stmt"/>
      <line num="9" count="1" type="stmt"/>
    </file>
  </project>
</coverage>
